<?xml version="1.0" encoding="UTF-8"?>
<testsuite name="SimpleLinkedListTest" tests="7" skipped="0" failures="0" errors="0" timestamp="2023-06-24T10:40:00" hostname="DESKTOP-UAHDMDA" time="0.049">
  <properties/>
  <testcase name="canReturnListAsArray" classname="SimpleLinkedListTest" time="0.004"/>
  <testcase name="reverseReversesList" classname="SimpleLinkedListTest" time="0.041"/>
  <testcase name="canCreateFromArray" classname="SimpleLinkedListTest" time="0.002"/>
  <testcase name="canReturnEmptyListAsEmptyArray" classname="SimpleLinkedListTest" time="0.0"/>
  <testcase name="popOnEmptyListWillThrow" classname="SimpleLinkedListTest" time="0.001"/>
  <testcase name="popReturnsLastAddedElement" classname="SimpleLinkedListTest" time="0.001"/>
  <testcase name="aNewListIsEmpty" classname="SimpleLinkedListTest" time="0.0"/>
  <system-out><![CDATA[]]></system-out>
  <system-err><![CDATA[]]></system-err>
</testsuite>
